#
# A fatal error has been detected by the Java Runtime Environment:
#
#  EXCEPTION_ACCESS_VIOLATION (0xc0000005) at pc=0x00000000041583f7, pid=1360, tid=5748
#
# JRE version: Java(TM) SE Runtime Environment (8.0_45-b15) (build 1.8.0_45-b15)
# Java VM: Java HotSpot(TM) 64-Bit Server VM (25.45-b02 mixed mode windows-amd64 compressed oops)
# Problematic frame:
# J 9569 C2 sun.awt.SunToolkit.getAppContext(Ljava/lang/Object;)Lsun/awt/AppContext; (42 bytes) @ 0x00000000041583f7 [0x00000000041583e0+0x17]
#
# Failed to write core dump. Minidumps are not enabled by default on client versions of Windows
#
# If you would like to submit a bug report, please visit:
#   http://bugreport.java.com/bugreport/crash.jsp
#

---------------  T H R E A D  ---------------

Current thread (0x0000000017c37000):  JavaThread "AWT-EventQueue-0" [_thread_in_Java, id=5748, stack(0x000000001d3a0000,0x000000001d5a0000)]

siginfo: ExceptionCode=0xc0000005, reading address 0x000000000c880410

Registers:
RAX=0x0000000000008fc1, RBX=0x0000000000000108, RCX=0x00000000f5ec6390, RDX=0x00000000200039c6
RSP=0x000000001d599bb0, RBP=0x00000000200039c6, RSI=0x00000000200039c6, RDI=0x000000001d015458
R8 =0x00000000c01fd9b0, R9 =0x00000000c01fd9b0, R10=0x000000000c8803e0, R11=0x000000000635e9c0
R12=0x0000000000000000, R13=0x000000001d599c80, R14=0x000000001a6fca18, R15=0x0000000017c37000
RIP=0x00000000041583f7, EFLAGS=0x0000000000010202

Top of Stack: (sp=0x000000001d599bb0)
0x000000001d599bb0:   000000001d599c40 000000001c966528
0x000000001d599bc0:   0000000017c37000 0000000054895781
0x000000001d599bd0:   000000001d599cc8 000000000635eafc
0x000000001d599be0:   0000000000000000 00000000c05f4148
0x000000001d599bf0:   000000001d599cc8 0000000003da43bc
0x000000001d599c00:   00000000c01fd9b0 0000000027ee4e10
0x000000001d599c10:   0000000000000031 00000000549d5ac8
0x000000001d599c20:   0000000000000007 00000000200039c6
0x000000001d599c30:   00000000f5ec6390 000000001d599cb0
0x000000001d599c40:   00000000c01fdc38 0000002df4eebe09
0x000000001d599c50:   00000000c01fd9b0 0000000025d781b0
0x000000001d599c60:   000000001d599cc8 0000000002787a70
0x000000001d599c70:   000000001d599cc8 0000000002787a70
0x000000001d599c80:   00000000f5ec6390 000000001d599c88
0x000000001d599c90:   000000001c7c7c08 000000001d599d18
0x000000001d599ca0:   000000001c7c8bf0 000000001a6fca18 

Instructions: (pc=0x00000000041583f7)
0x00000000041583d7:   64 0f 64 00 00 00 00 00 00 89 84 24 00 a0 ff ff
0x00000000041583e7:   55 48 83 ec 20 48 8b ea 44 8b 52 08 49 c1 e2 03
0x00000000041583f7:   4d 8b 52 30 49 bb 50 97 05 00 01 00 00 00 4d 3b
0x0000000004158407:   d3 75 2e 49 ba 78 aa 13 c0 00 00 00 00 45 8b 52 


Register to memory mapping:

RAX=0x0000000000008fc1 is an unknown value
RBX=0x0000000000000108 is an unknown value
RCX=0x00000000f5ec6390 is an oop
sun.awt.CausedFocusEvent 
 - klass: 'sun/awt/CausedFocusEvent'
RDX=0x00000000200039c6 is pointing into metadata
RSP=0x000000001d599bb0 is pointing into the stack for thread: 0x0000000017c37000
RBP=0x00000000200039c6 is pointing into metadata
RSI=0x00000000200039c6 is pointing into metadata
RDI=0x000000001d015458 is pointing into metadata
R8 =0x00000000c01fd9b0 is an oop
java.lang.Class 
 - klass: 'java/lang/Class'
R9 =0x00000000c01fd9b0 is an oop
java.lang.Class 
 - klass: 'java/lang/Class'
R10=0x000000000c8803e0 is an unknown value
R11=0x000000000635e9c0 is at entry_point+32 in (nmethod*)0x000000000635e7d0
R12=0x0000000000000000 is an unknown value
R13=0x000000001d599c80 is pointing into the stack for thread: 0x0000000017c37000
R14=0x000000001a6fca18 is pointing into metadata
R15=0x0000000017c37000 is a thread


Stack: [0x000000001d3a0000,0x000000001d5a0000],  sp=0x000000001d599bb0,  free space=2022k
Native frames: (J=compiled Java code, j=interpreted, Vv=VM code, C=native code)
C  0x00000000041583f7


---------------  P R O C E S S  ---------------

Java Threads: ( => current thread )
  0x000000001d9bf800 JavaThread "Inactive RequestProcessor thread [Was:Folder recognizer/org.openide.loaders.FolderList$ListTask]" daemon [_thread_blocked, id=1208, stack(0x00000000229f0000,0x0000000022bf0000)]
  0x000000001d9bc800 JavaThread "Inactive RequestProcessor thread [Was:System clipboard synchronizer/org.netbeans.NbClipboard$GetContents]" daemon [_thread_blocked, id=4532, stack(0x00000000227f0000,0x00000000229f0000)]
  0x000000001d9ba000 JavaThread "Inactive RequestProcessor thread [Was:Explorer Actions/org.netbeans.modules.openide.explorer.ExplorerActionsImpl$ActionStateUpdater]" daemon [_thread_blocked, id=3548, stack(0x0000000021390000,0x0000000021590000)]
  0x000000001d9b8800 JavaThread "Inactive RequestProcessor thread [Was:org.netbeans.modules.project.ui.actions.ActiveConfigAction/org.netbeans.modules.project.ui.actions.ActiveConfigAction$14]" daemon [_thread_blocked, id=4256, stack(0x000000001d190000,0x000000001d390000)]
  0x000000001d9bb800 JavaThread "Inactive RequestProcessor thread [Was:PaletteSwitch/org.netbeans.spi.palette.PaletteSwitch$1]" daemon [_thread_blocked, id=2660, stack(0x000000001bfc0000,0x000000001c1c0000)]
  0x000000001d9b4000 JavaThread "Inactive RequestProcessor thread [Was:TimedSoftReference/org.openide.util.TimedSoftReference]" daemon [_thread_blocked, id=5240, stack(0x000000001a9d0000,0x000000001abd0000)]
  0x000000001db96000 JavaThread "Inactive RequestProcessor thread [Was:Property Sheet/org.openide.explorer.propertysheet.PropertySheet$2]" daemon [_thread_blocked, id=1256, stack(0x000000002a5d0000,0x000000002a7d0000)]
  0x000000001db8d000 JavaThread "TimerQueue" daemon [_thread_blocked, id=5760, stack(0x00000000249c0000,0x0000000024bc0000)]
  0x000000001db8c000 JavaThread "Worker-JM" [_thread_blocked, id=2336, stack(0x00000000243c0000,0x00000000245c0000)]
  0x000000001db8b800 JavaThread "Framework Event Dispatcher" daemon [_thread_blocked, id=4448, stack(0x00000000241c0000,0x00000000243c0000)]
  0x000000001e4e8000 JavaThread "Deadlock Detector" [_thread_blocked, id=2948, stack(0x0000000023e00000,0x0000000024000000)]
  0x000000001e4e7800 JavaThread "Thread-3" daemon [_thread_blocked, id=5556, stack(0x0000000022ff0000,0x00000000231f0000)]
  0x000000001e4e3800 JavaThread "W32 File Monitor" daemon [_thread_in_native, id=2648, stack(0x0000000023790000,0x0000000023990000)]
  0x000000001e4e6800 JavaThread "File Watcher" daemon [_thread_blocked, id=5304, stack(0x0000000023590000,0x0000000023790000)]
  0x000000001e4e5000 JavaThread "Editor Parsing Loop (201411181905)" daemon [_thread_blocked, id=6124, stack(0x0000000021590000,0x0000000021790000)]
  0x000000001e4e2800 JavaThread "State Data Manager" daemon [_thread_blocked, id=3244, stack(0x0000000021190000,0x0000000021390000)]
  0x000000001e4e4000 JavaThread "Framework Active Thread" [_thread_blocked, id=2632, stack(0x000000001fd40000,0x000000001ff40000)]
=>0x0000000017c37000 JavaThread "AWT-EventQueue-0" [_thread_in_Java, id=5748, stack(0x000000001d3a0000,0x000000001d5a0000)]
  0x0000000017c1d800 JavaThread "AWT-Windows" daemon [_thread_in_native, id=5884, stack(0x000000001cd90000,0x000000001cf90000)]
  0x0000000017c1c800 JavaThread "AWT-Shutdown" [_thread_blocked, id=5316, stack(0x000000001cb90000,0x000000001cd90000)]
  0x0000000017c19800 JavaThread "Java2D Disposer" daemon [_thread_blocked, id=3852, stack(0x000000001c990000,0x000000001cb90000)]
  0x0000000017a21800 JavaThread "RequestProcessor queue manager" daemon [_thread_blocked, id=816, stack(0x000000001c3c0000,0x000000001c5c0000)]
  0x0000000017965800 JavaThread "CLI Requests Server" daemon [_thread_in_native, id=5720, stack(0x000000001bcc0000,0x000000001bec0000)]
  0x00000000179eb000 JavaThread "Active Reference Queue Daemon" daemon [_thread_blocked, id=6032, stack(0x0000000018150000,0x0000000018350000)]
  0x0000000017188800 JavaThread "Service Thread" daemon [_thread_blocked, id=1128, stack(0x0000000017550000,0x0000000017750000)]
  0x00000000150f5800 JavaThread "C1 CompilerThread2" daemon [_thread_blocked, id=4044, stack(0x0000000016f50000,0x0000000017150000)]
  0x00000000150f1800 JavaThread "C2 CompilerThread1" daemon [_thread_blocked, id=2944, stack(0x0000000016d50000,0x0000000016f50000)]
  0x00000000150ec800 JavaThread "C2 CompilerThread0" daemon [_thread_blocked, id=3988, stack(0x0000000016b50000,0x0000000016d50000)]
  0x00000000150fb000 JavaThread "Attach Listener" daemon [_thread_blocked, id=4684, stack(0x0000000016950000,0x0000000016b50000)]
  0x00000000150fa000 JavaThread "Signal Dispatcher" daemon [_thread_blocked, id=5804, stack(0x0000000016750000,0x0000000016950000)]
  0x0000000000678800 JavaThread "Finalizer" daemon [_thread_blocked, id=180, stack(0x0000000016550000,0x0000000016750000)]
  0x00000000150b9800 JavaThread "Reference Handler" daemon [_thread_blocked, id=3200, stack(0x0000000016350000,0x0000000016550000)]
  0x0000000000583800 JavaThread "main" [_thread_blocked, id=6120, stack(0x0000000000040000,0x0000000000240000)]

Other Threads:
  0x00000000150b7800 VMThread [stack: 0x0000000016150000,0x0000000016350000] [id=4124]
  0x0000000017189000 WatcherThread [stack: 0x0000000017750000,0x0000000017950000] [id=2496]

VM state:not at safepoint (normal execution)

VM Mutex/Monitor currently owned by a thread: None

Heap:
 PSYoungGen      total 270336K, used 233224K [0x00000000eab00000, 0x0000000100000000, 0x0000000100000000)
  eden space 196608K, 93% used [0x00000000eab00000,0x00000000f5f479e8,0x00000000f6b00000)
  from space 73728K, 65% used [0x00000000fb800000,0x00000000fe77a7f8,0x0000000100000000)
  to   space 76288K, 0% used [0x00000000f6b00000,0x00000000f6b00000,0x00000000fb580000)
 ParOldGen       total 110592K, used 98440K [0x00000000c0000000, 0x00000000c6c00000, 0x00000000eab00000)
  object space 110592K, 89% used [0x00000000c0000000,0x00000000c6022190,0x00000000c6c00000)
 Metaspace       used 118884K, capacity 133060K, committed 133160K, reserved 1163264K
  class space    used 14971K, capacity 19146K, committed 19240K, reserved 1048576K

Card table byte_map: [0x0000000011b40000,0x0000000011d50000] byte_map_base: 0x0000000011540000

Marking Bits: (ParMarkBitMap*) 0x00000000553e4040
 Begin Bits: [0x0000000012550000, 0x0000000013550000)
 End Bits:   [0x0000000013550000, 0x0000000014550000)

Polling page: 0x00000000003b0000

CodeCache: size=245760Kb used=62247Kb max_used=62468Kb free=183512Kb
 bounds [0x0000000002780000, 0x00000000064f0000, 0x0000000011780000]
 total_blobs=17681 nmethods=16845 adapters=743
 compilation: enabled

Compilation events (10 events):
Event: 375.270 Thread 0x00000000150f5800 nmethod 22213 0x0000000003af4d90 code [0x0000000003af4f00, 0x0000000003af5088]
Event: 375.270 Thread 0x00000000150f5800 22214       3       javax.swing.text.WhitespaceBasedBreakIterator::adjacent (43 bytes)
Event: 375.270 Thread 0x00000000150f5800 nmethod 22214 0x0000000003682210 code [0x00000000036823a0, 0x0000000003682808]
Event: 375.270 Thread 0x00000000150f5800 22215       3       javax.swing.text.WhitespaceBasedBreakIterator::checkhit (27 bytes)
Event: 375.270 Thread 0x00000000150f5800 nmethod 22215 0x0000000002eb3890 code [0x0000000002eb39e0, 0x0000000002eb3bd0]
Event: 375.272 Thread 0x00000000150f1800 nmethod 22216 0x0000000005647e90 code [0x0000000005648000, 0x0000000005648198]
Event: 375.285 Thread 0x00000000150ec800 22217   !   4       javax.swing.text.SegmentCache::releaseSegment (43 bytes)
Event: 375.285 Thread 0x00000000150f5800 22218       3       javax.swing.text.ParagraphView$Row::getAlignment (67 bytes)
Event: 375.286 Thread 0x00000000150f5800 nmethod 22218 0x000000000635b850 code [0x000000000635ba60, 0x000000000635c588]
Event: 375.290 Thread 0x00000000150ec800 nmethod 22217 0x00000000036ee850 code [0x00000000036ee9c0, 0x00000000036eeff8]

GC Heap History (10 events):
Event: 244.875 GC heap before
{Heap before GC invocations=38 (full 4):
 PSYoungGen      total 254464K, used 252522K [0x00000000eab00000, 0x00000000fe700000, 0x0000000100000000)
  eden space 212480K, 100% used [0x00000000eab00000,0x00000000f7a80000,0x00000000f7a80000)
  from space 41984K, 95% used [0x00000000f7a80000,0x00000000fa19a800,0x00000000fa380000)
  to   space 48128K, 0% used [0x00000000fb800000,0x00000000fb800000,0x00000000fe700000)
 ParOldGen       total 110592K, used 89434K [0x00000000c0000000, 0x00000000c6c00000, 0x00000000eab00000)
  object space 110592K, 80% used [0x00000000c0000000,0x00000000c5756a40,0x00000000c6c00000)
 Metaspace       used 113886K, capacity 127704K, committed 127912K, reserved 1159168K
  class space    used 14495K, capacity 18512K, committed 18600K, reserved 1048576K
Event: 244.942 GC heap after
Heap after GC invocations=38 (full 4):
 PSYoungGen      total 268288K, used 46847K [0x00000000eab00000, 0x00000000ff200000, 0x0000000100000000)
  eden space 220160K, 0% used [0x00000000eab00000,0x00000000eab00000,0x00000000f8200000)
  from space 48128K, 97% used [0x00000000fb800000,0x00000000fe5bffe8,0x00000000fe700000)
  to   space 55296K, 0% used [0x00000000f8200000,0x00000000f8200000,0x00000000fb800000)
 ParOldGen       total 110592K, used 89442K [0x00000000c0000000, 0x00000000c6c00000, 0x00000000eab00000)
  object space 110592K, 80% used [0x00000000c0000000,0x00000000c5758a40,0x00000000c6c00000)
 Metaspace       used 113886K, capacity 127704K, committed 127912K, reserved 1159168K
  class space    used 14495K, capacity 18512K, committed 18600K, reserved 1048576K
}
Event: 245.431 GC heap before
{Heap before GC invocations=39 (full 4):
 PSYoungGen      total 268288K, used 267007K [0x00000000eab00000, 0x00000000ff200000, 0x0000000100000000)
  eden space 220160K, 100% used [0x00000000eab00000,0x00000000f8200000,0x00000000f8200000)
  from space 48128K, 97% used [0x00000000fb800000,0x00000000fe5bffe8,0x00000000fe700000)
  to   space 55296K, 0% used [0x00000000f8200000,0x00000000f8200000,0x00000000fb800000)
 ParOldGen       total 110592K, used 89442K [0x00000000c0000000, 0x00000000c6c00000, 0x00000000eab00000)
  object space 110592K, 80% used [0x00000000c0000000,0x00000000c5758a40,0x00000000c6c00000)
 Metaspace       used 113967K, capacity 127734K, committed 127912K, reserved 1159168K
  class space    used 14500K, capacity 18517K, committed 18600K, reserved 1048576K
Event: 245.490 GC heap after
Heap after GC invocations=39 (full 4):
 PSYoungGen      total 275456K, used 52950K [0x00000000eab00000, 0x0000000100000000, 0x0000000100000000)
  eden space 220160K, 0% used [0x00000000eab00000,0x00000000eab00000,0x00000000f8200000)
  from space 55296K, 95% used [0x00000000f8200000,0x00000000fb5b5828,0x00000000fb800000)
  to   space 63488K, 0% used [0x00000000fc200000,0x00000000fc200000,0x0000000100000000)
 ParOldGen       total 110592K, used 89450K [0x00000000c0000000, 0x00000000c6c00000, 0x00000000eab00000)
  object space 110592K, 80% used [0x00000000c0000000,0x00000000c575aa40,0x00000000c6c00000)
 Metaspace       used 113967K, capacity 127734K, committed 127912K, reserved 1159168K
  class space    used 14500K, capacity 18517K, committed 18600K, reserved 1048576K
}
Event: 250.243 GC heap before
{Heap before GC invocations=40 (full 4):
 PSYoungGen      total 275456K, used 273110K [0x00000000eab00000, 0x0000000100000000, 0x0000000100000000)
  eden space 220160K, 100% used [0x00000000eab00000,0x00000000f8200000,0x00000000f8200000)
  from space 55296K, 95% used [0x00000000f8200000,0x00000000fb5b5828,0x00000000fb800000)
  to   space 63488K, 0% used [0x00000000fc200000,0x00000000fc200000,0x0000000100000000)
 ParOldGen       total 110592K, used 89450K [0x00000000c0000000, 0x00000000c6c00000, 0x00000000eab00000)
  object space 110592K, 80% used [0x00000000c0000000,0x00000000c575aa40,0x00000000c6c00000)
 Metaspace       used 117369K, capacity 131488K, committed 131624K, reserved 1161216K
  class space    used 14861K, capacity 18926K, committed 18984K, reserved 1048576K
Event: 250.325 GC heap after
Heap after GC invocations=40 (full 4):
 PSYoungGen      total 271360K, used 54480K [0x00000000eab00000, 0x0000000100000000, 0x0000000100000000)
  eden space 207872K, 0% used [0x00000000eab00000,0x00000000eab00000,0x00000000f7600000)
  from space 63488K, 85% used [0x00000000fc200000,0x00000000ff7343c8,0x0000000100000000)
  to   space 70656K, 0% used [0x00000000f7600000,0x00000000f7600000,0x00000000fbb00000)
 ParOldGen       total 110592K, used 92471K [0x00000000c0000000, 0x00000000c6c00000, 0x00000000eab00000)
  object space 110592K, 83% used [0x00000000c0000000,0x00000000c5a4dd30,0x00000000c6c00000)
 Metaspace       used 117369K, capacity 131488K, committed 131624K, reserved 1161216K
  class space    used 14861K, capacity 18926K, committed 18984K, reserved 1048576K
}
Event: 283.747 GC heap before
{Heap before GC invocations=41 (full 4):
 PSYoungGen      total 271360K, used 262352K [0x00000000eab00000, 0x0000000100000000, 0x0000000100000000)
  eden space 207872K, 100% used [0x00000000eab00000,0x00000000f7600000,0x00000000f7600000)
  from space 63488K, 85% used [0x00000000fc200000,0x00000000ff7343c8,0x0000000100000000)
  to   space 70656K, 0% used [0x00000000f7600000,0x00000000f7600000,0x00000000fbb00000)
 ParOldGen       total 110592K, used 92471K [0x00000000c0000000, 0x00000000c6c00000, 0x00000000eab00000)
  object space 110592K, 83% used [0x00000000c0000000,0x00000000c5a4dd30,0x00000000c6c00000)
 Metaspace       used 117778K, capacity 131862K, committed 132136K, reserved 1163264K
  class space    used 14889K, capacity 18935K, committed 18984K, reserved 1048576K
Event: 283.797 GC heap after
Heap after GC invocations=41 (full 4):
 PSYoungGen      total 257024K, used 48667K [0x00000000eab00000, 0x0000000100000000, 0x0000000100000000)
  eden space 207872K, 0% used [0x00000000eab00000,0x00000000eab00000,0x00000000f7600000)
  from space 49152K, 99% used [0x00000000f7600000,0x00000000fa586c40,0x00000000fa600000)
  to   space 73728K, 0% used [0x00000000fb800000,0x00000000fb800000,0x0000000100000000)
 ParOldGen       total 110592K, used 95883K [0x00000000c0000000, 0x00000000c6c00000, 0x00000000eab00000)
  object space 110592K, 86% used [0x00000000c0000000,0x00000000c5da2db8,0x00000000c6c00000)
 Metaspace       used 117778K, capacity 131862K, committed 132136K, reserved 1163264K
  class space    used 14889K, capacity 18935K, committed 18984K, reserved 1048576K
}
Event: 321.777 GC heap before
{Heap before GC invocations=42 (full 4):
 PSYoungGen      total 257024K, used 256539K [0x00000000eab00000, 0x0000000100000000, 0x0000000100000000)
  eden space 207872K, 100% used [0x00000000eab00000,0x00000000f7600000,0x00000000f7600000)
  from space 49152K, 99% used [0x00000000f7600000,0x00000000fa586c40,0x00000000fa600000)
  to   space 73728K, 0% used [0x00000000fb800000,0x00000000fb800000,0x0000000100000000)
 ParOldGen       total 110592K, used 95883K [0x00000000c0000000, 0x00000000c6c00000, 0x00000000eab00000)
  object space 110592K, 86% used [0x00000000c0000000,0x00000000c5da2db8,0x00000000c6c00000)
 Metaspace       used 118363K, capacity 132320K, committed 132392K, reserved 1163264K
  class space    used 14933K, capacity 18974K, committed 18984K, reserved 1048576K
Event: 321.840 GC heap after
Heap after GC invocations=42 (full 4):
 PSYoungGen      total 270336K, used 48617K [0x00000000eab00000, 0x0000000100000000, 0x0000000100000000)
  eden space 196608K, 0% used [0x00000000eab00000,0x00000000eab00000,0x00000000f6b00000)
  from space 73728K, 65% used [0x00000000fb800000,0x00000000fe77a7f8,0x0000000100000000)
  to   space 76288K, 0% used [0x00000000f6b00000,0x00000000f6b00000,0x00000000fb580000)
 ParOldGen       total 110592K, used 98440K [0x00000000c0000000, 0x00000000c6c00000, 0x00000000eab00000)
  object space 110592K, 89% used [0x00000000c0000000,0x00000000c6022190,0x00000000c6c00000)
 Metaspace       used 118363K, capacity 132320K, committed 132392K, reserved 1163264K
  class space    used 14933K, capacity 18974K, committed 18984K, reserved 1048576K
}

Deoptimization events (10 events):
Event: 347.669 Thread 0x0000000017c37000 Uncommon trap: reason=unstable_if action=reinterpret pc=0x000000000620c3ec method=sun.java2d.SunGraphics2D.getFontRenderContext()Ljava/awt/font/FontRenderContext; @ 33
Event: 347.669 Thread 0x0000000017c37000 Uncommon trap: reason=unstable_if action=reinterpret pc=0x000000000420b5fc method=java.awt.font.FontRenderContext.equals(Ljava/awt/font/FontRenderContext;)Z @ 53
Event: 347.669 Thread 0x0000000017c37000 Uncommon trap: reason=unstable_if action=reinterpret pc=0x00000000051eb764 method=sun.font.FileFontStrike.getSlot0GlyphImagePtrs([I[JI)I @ 22
Event: 347.684 Thread 0x0000000017c37000 Uncommon trap: reason=unstable_if action=reinterpret pc=0x0000000005790200 method=sun.font.FileFontStrike.getSlot0GlyphImagePtrs([I[JI)I @ 22
Event: 347.688 Thread 0x0000000017c37000 Uncommon trap: reason=null_check action=make_not_entrant pc=0x00000000048df92c method=org.openide.explorer.view.VisualizerNode.getChildren(Z)Lorg/openide/explorer/view/VisualizerChildren; @ 7
Event: 347.730 Thread 0x0000000017c37000 Uncommon trap: reason=unstable_if action=reinterpret pc=0x0000000006091e44 method=org.openide.nodes.NodeLookup.blockingBeforeLookup(Ljava/lang/Class;)V @ 4
Event: 347.730 Thread 0x0000000017c37000 Uncommon trap: reason=unstable_if action=reinterpret pc=0x00000000062ba2d8 method=org.openide.nodes.CookieSet.lookupCookie(Ljava/lang/Class;)Lorg/openide/nodes/Node$Cookie; @ 52
Event: 347.730 Thread 0x0000000017c37000 Uncommon trap: reason=unstable_if action=reinterpret pc=0x00000000060aa284 method=org.openide.nodes.NodeLookup.blockingBeforeLookup(Ljava/lang/Class;)V @ 4
Event: 347.734 Thread 0x0000000017c37000 Uncommon trap: reason=unstable_if action=reinterpret pc=0x0000000005cd89e4 method=java.awt.GridBagLayout.preInitMaximumArraySizes(Ljava/awt/Container;)[J @ 110
Event: 375.312 Thread 0x0000000017c37000 Uncommon trap: reason=class_check action=maybe_recompile pc=0x00000000062303cc method=javax.swing.SwingUtilities.convertPointToScreen(Ljava/awt/Point;Ljava/awt/Component;)V @ 74

Internal exceptions (10 events):
Event: 364.371 Thread 0x0000000017c37000 Exception <a 'java/lang/ClassNotFoundException': org/netbeans/core/execution/beaninfo/editors/Component$BaselineResizeBehaviorEditor> (0x00000000f52fb208) thrown at [C:\re\workspace\8-2-build-windows-amd64-cygwin\jdk8u45\3627\hotspot\src\share\vm\classfile_+¿aÒ≈v@
Event: 364.371 Thread 0x0000000017c37000 Exception <a 'java/lang/ClassNotFoundException': org/netbeans/modules/xml/tax/beans/editor/Component$BaselineResizeBehaviorEditor> (0x00000000f530e500) thrown at [C:\re\workspace\8-2-build-windows-amd64-cygwin\jdk8u45\3627\hotspot\src\share\vm\classfile\syŸ+@Ú≈v@
Event: 364.372 Thread 0x0000000017c37000 Exception <a 'java/lang/ClassNotFoundException': org/openide/explorer/propertysheet/editors/Component$BaselineResizeBehaviorEditor> (0x00000000f531bb68) thrown at [C:\re\workspace\8-2-build-windows-amd64-cygwin\jdk8u45\3627\hotspot\src\share\vm\classfile\s
Event: 364.372 Thread 0x0000000017c37000 Exception <a 'java/lang/ClassNotFoundException': com/sun/beans/editors/Component$BaselineResizeBehaviorEditor> (0x00000000f5329060) thrown at [C:\re\workspace\8-2-build-windows-amd64-cygwin\jdk8u45\3627\hotspot\src\share\vm\classfile\systemDictionary.cpp, ãÿ1Q’¯v@
Event: 367.552 Thread 0x0000000017c37000 Exception <a 'java/lang/ClassNotFoundException': java/awt/Component$BaselineResizeBehaviorEditor> (0x00000000f5910f58) thrown at [C:\re\workspace\8-2-build-windows-amd64-cygwin\jdk8u45\3627\hotspot\src\share\vm\classfile\systemDictionary.cpp, line 210]
Event: 367.552 Thread 0x0000000017c37000 Exception <a 'java/lang/ClassNotFoundException': org/netbeans/beaninfo/editors/Component$BaselineResizeBehaviorEditor> (0x00000000f591d860) thrown at [C:\re\workspace\8-2-build-windows-amd64-cygwin\jdk8u45\3627\hotspot\src\share\vm\classfile\systemDictiona—Rm◊¯v@
Event: 367.553 Thread 0x0000000017c37000 Exception <a 'java/lang/ClassNotFoundException': org/netbeans/core/execution/beaninfo/editors/Component$BaselineResizeBehaviorEditor> (0x00000000f5930ee8) thrown at [C:\re\workspace\8-2-build-windows-amd64-cygwin\jdk8u45\3627\hotspot\src\share\vm\classfileªUÅÿ¯v@
Event: 367.553 Thread 0x0000000017c37000 Exception <a 'java/lang/ClassNotFoundException': org/netbeans/modules/xml/tax/beans/editor/Component$BaselineResizeBehaviorEditor> (0x00000000f59441e0) thrown at [C:\re\workspace\8-2-build-windows-amd64-cygwin\jdk8u45\3627\hotspot\src\share\vm\classfile\sy´·gQŸ¯v@
Event: 367.553 Thread 0x0000000017c37000 Exception <a 'java/lang/ClassNotFoundException': org/openide/explorer/propertysheet/editors/Component$BaselineResizeBehaviorEditor> (0x00000000f5951848) thrown at [C:\re\workspace\8-2-build-windows-amd64-cygwin\jdk8u45\3627\hotspot\src\share\vm\classfile\s<!⁄¯v@
Event: 367.553 Thread 0x0000000017c37000 Exception <a 'java/lang/ClassNotFoundException': com/sun/beans/editors/Component$BaselineResizeBehaviorEditor> (0x00000000f595ed40) thrown at [C:\re\workspace\8-2-build-windows-amd64-cygwin\jdk8u45\3627\hotspot\src\share\vm\classfile\systemDictionary.cpp, ÊR$U≈v@

Events (10 events):
Event: 375.241 Thread 0x00000000150f5800 flushing nmethod 0x0000000005bfda10
Event: 375.241 Thread 0x00000000150f5800 flushing nmethod 0x0000000005c5d090
Event: 375.243 Thread 0x00000000150f5800 flushing nmethod 0x000000000611c410
Event: 375.243 Thread 0x00000000150f5800 flushing nmethod 0x00000000061fee10
Event: 375.243 Thread 0x00000000150f5800 flushing nmethod 0x00000000062c5e50
Event: 375.243 Thread 0x00000000150f5800 flushing nmethod 0x000000000635b5d0
Event: 375.243 Thread 0x00000000150f5800 flushing nmethod 0x000000000635bf10
Event: 375.312 Thread 0x0000000017c37000 Uncommon trap: trap_request=0xffffffde fr.pc=0x00000000062303cc
Event: 375.312 Thread 0x0000000017c37000 DEOPT PACKING pc=0x00000000062303cc sp=0x000000001d59d360
Event: 375.312 Thread 0x0000000017c37000 DEOPT UNPACKING pc=0x00000000027c582a sp=0x000000001d59d318 mode 2


Dynamic libraries:
0x0000000000400000 - 0x0000000000580000 	C:\Program Files\NetBeans 8.0.1\bin\netbeans64.exe
0x00007ffd2af00000 - 0x00007ffd2b0ac000 	C:\Windows\SYSTEM32\ntdll.dll
0x00007ffd2ab40000 - 0x00007ffd2ac7e000 	C:\Windows\system32\KERNEL32.DLL
0x00007ffd28170000 - 0x00007ffd28285000 	C:\Windows\system32\KERNELBASE.dll
0x00007ffd2a900000 - 0x00007ffd2a9aa000 	C:\Windows\system32\ADVAPI32.dll
0x00007ffd289f0000 - 0x00007ffd28a9a000 	C:\Windows\system32\msvcrt.dll
0x00007ffd28cc0000 - 0x00007ffd2a1eb000 	C:\Windows\system32\SHELL32.dll
0x00007ffd2a9b0000 - 0x00007ffd2ab27000 	C:\Windows\system32\USER32.dll
0x00007ffd2a1f0000 - 0x00007ffd2a249000 	C:\Windows\SYSTEM32\sechost.dll
0x00007ffd28aa0000 - 0x00007ffd28be1000 	C:\Windows\system32\RPCRT4.dll
0x00007ffd2ace0000 - 0x00007ffd2aef1000 	C:\Windows\SYSTEM32\combase.dll
0x00007ffd2ac80000 - 0x00007ffd2acd4000 	C:\Windows\system32\SHLWAPI.dll
0x00007ffd28720000 - 0x00007ffd2886f000 	C:\Windows\system32\GDI32.dll
0x00007ffd288f0000 - 0x00007ffd28926000 	C:\Windows\system32\IMM32.DLL
0x00007ffd2a250000 - 0x00007ffd2a3a2000 	C:\Windows\system32\MSCTF.dll
0x00007ffd26b10000 - 0x00007ffd26bc2000 	C:\Windows\SYSTEM32\SHCORE.dll
0x0000000055470000 - 0x00000000555c4000 	C:\Program Files\NetBeans 8.0.1\platform\lib\nbexec64.dll
0x0000000054be0000 - 0x0000000055463000 	C:\Program Files\Java\jdk1.8.0_45\jre\bin\server\jvm.dll
0x00007ffd1e1d0000 - 0x00007ffd1e1d9000 	C:\Windows\SYSTEM32\WSOCK32.dll
0x00007ffd25750000 - 0x00007ffd25772000 	C:\Windows\SYSTEM32\WINMM.dll
0x00007ffd25780000 - 0x00007ffd2578a000 	C:\Windows\SYSTEM32\VERSION.dll
0x00007ffd2ab30000 - 0x00007ffd2ab37000 	C:\Windows\system32\PSAPI.DLL
0x0000000054b00000 - 0x0000000054bd2000 	C:\Program Files\Java\jdk1.8.0_45\jre\bin\MSVCR100.dll
0x00007ffd28870000 - 0x00007ffd288ca000 	C:\Windows\system32\WS2_32.dll
0x00007ffd25710000 - 0x00007ffd2573a000 	C:\Windows\SYSTEM32\WINMMBASE.dll
0x00007ffd2a3b0000 - 0x00007ffd2a3b9000 	C:\Windows\system32\NSI.dll
0x00007ffd28120000 - 0x00007ffd2816f000 	C:\Windows\SYSTEM32\cfgmgr32.dll
0x00007ffd26e70000 - 0x00007ffd26e98000 	C:\Windows\SYSTEM32\DEVOBJ.dll
0x0000000054ac0000 - 0x0000000054af9000 	C:\Program Files\Java\jdk1.8.0_45\jre\bin\splashscreen.dll
0x0000000056100000 - 0x000000005610f000 	C:\Program Files\Java\jdk1.8.0_45\jre\bin\verify.dll
0x0000000054a90000 - 0x0000000054ab9000 	C:\Program Files\Java\jdk1.8.0_45\jre\bin\java.dll
0x0000000054a70000 - 0x0000000054a86000 	C:\Program Files\Java\jdk1.8.0_45\jre\bin\zip.dll
0x00007ffd28050000 - 0x00007ffd28065000 	C:\Windows\SYSTEM32\profapi.dll
0x0000000054a50000 - 0x0000000054a6a000 	C:\Program Files\Java\jdk1.8.0_45\jre\bin\net.dll
0x00007ffd27860000 - 0x00007ffd278b9000 	C:\Windows\system32\mswsock.dll
0x0000000054a30000 - 0x0000000054a41000 	C:\Program Files\Java\jdk1.8.0_45\jre\bin\nio.dll
0x00007ffd21e40000 - 0x00007ffd21e6a000 	C:\Windows\SYSTEM32\IPHLPAPI.DLL
0x00007ffd21dc0000 - 0x00007ffd21dca000 	C:\Windows\SYSTEM32\WINNSI.DLL
0x00007ffd218a0000 - 0x00007ffd218b6000 	C:\Windows\SYSTEM32\dhcpcsvc6.DLL
0x00007ffd21880000 - 0x00007ffd2189a000 	C:\Windows\SYSTEM32\dhcpcsvc.DLL
0x0000000054890000 - 0x0000000054a28000 	C:\Program Files\Java\jdk1.8.0_45\jre\bin\awt.dll
0x00007ffd28bf0000 - 0x00007ffd28cb1000 	C:\Windows\system32\OLEAUT32.dll
0x00007ffd26bf0000 - 0x00007ffd26c7e000 	C:\Windows\system32\apphelp.dll
0x00007ffd278c0000 - 0x00007ffd278e0000 	C:\Windows\SYSTEM32\CRYPTSP.dll
0x00007ffd274e0000 - 0x00007ffd27516000 	C:\Windows\system32\rsaenh.dll
0x00007ffd27b10000 - 0x00007ffd27b36000 	C:\Windows\SYSTEM32\bcrypt.dll
0x00007ffd275f0000 - 0x00007ffd27611000 	C:\Windows\SYSTEM32\USERENV.dll
0x00007ffd27e50000 - 0x00007ffd27eb3000 	C:\Windows\system32\bcryptprimitives.dll
0x00007ffd27ec0000 - 0x00007ffd27ecb000 	C:\Windows\SYSTEM32\CRYPTBASE.dll
0x00007ffd26630000 - 0x00007ffd26651000 	C:\Windows\system32\DWMAPI.DLL
0x00007ffd26d10000 - 0x00007ffd26e39000 	C:\Windows\system32\uxtheme.dll
0x00007ffd26040000 - 0x00007ffd262bb000 	C:\Windows\WinSxS\amd64_microsoft.windows.common-controls_6595b64144ccf1df_6.0.9600.18006_none_623f33d3ecbe86e8\COMCTL32.dll
0x00007ffd2a3c0000 - 0x00007ffd2a554000 	C:\Windows\system32\ole32.dll
0x00007ffd26e60000 - 0x00007ffd26e6b000 	C:\Windows\SYSTEM32\kernel.appcore.dll
0x00007ffd1b1d0000 - 0x00007ffd1b1e5000 	C:\Windows\system32\napinsp.dll
0x00007ffd1b1f0000 - 0x00007ffd1b20a000 	C:\Windows\system32\pnrpnsp.dll
0x00007ffd244c0000 - 0x00007ffd244db000 	C:\Windows\system32\NLAapi.dll
0x00007ffd27660000 - 0x00007ffd27704000 	C:\Windows\SYSTEM32\DNSAPI.dll
0x00007ffd1b210000 - 0x00007ffd1b21d000 	C:\Windows\System32\winrnr.dll
0x00007ffd1b270000 - 0x00007ffd1b284000 	C:\Windows\system32\wshbth.dll
0x00007ffd1be80000 - 0x00007ffd1be8a000 	C:\Windows\System32\rasadhlp.dll
0x00007ffd21c40000 - 0x00007ffd21cab000 	C:\Windows\System32\fwpuclnt.dll
0x0000000054840000 - 0x0000000054887000 	C:\Program Files\Java\jdk1.8.0_45\jre\bin\fontmanager.dll
0x00000000547f0000 - 0x0000000054831000 	C:\Program Files\Java\jdk1.8.0_45\jre\bin\t2k.dll
0x00007ffd285e0000 - 0x00007ffd28696000 	C:\Windows\SYSTEM32\clbcatq.dll
0x0000000180000000 - 0x0000000180038000 	C:\Program Files\NetBeans 8.0.1\platform\modules\lib\amd64\jnidispatch-410.dll
0x00000000560f0000 - 0x00000000560fd000 	C:\Program Files\Java\jdk1.8.0_45\jre\bin\management.dll
0x00007ffd1e7a0000 - 0x00007ffd1e869000 	C:\Windows\SYSTEM32\winhttp.dll
0x00007ffd25200000 - 0x00007ffd253ae000 	C:\Windows\SYSTEM32\WindowsCodecs.dll
0x00000000547c0000 - 0x00000000547ea000 	C:\Program Files\Java\jdk1.8.0_45\jre\bin\dcpr.dll
0x00007ffd250d0000 - 0x00007ffd25174000 	C:\Windows\WinSxS\amd64_microsoft.windows.common-controls_6595b64144ccf1df_5.82.9600.17810_none_34ae2abd958aedeb\comctl32.dll
0x00007ffd283a0000 - 0x00007ffd2857f000 	C:\Windows\system32\Crypt32.dll
0x00007ffd28100000 - 0x00007ffd28111000 	C:\Windows\system32\MSASN1.dll
0x00007ffd26c80000 - 0x00007ffd26c8a000 	C:\Windows\system32\DPAPI.dll
0x00007ffd10ea0000 - 0x00007ffd10fcb000 	C:\Windows\SYSTEM32\OPENGL32.DLL
0x00007ffd10e70000 - 0x00007ffd10e9e000 	C:\Windows\SYSTEM32\GLU32.dll
0x00007ffd172a0000 - 0x00007ffd17398000 	C:\Windows\SYSTEM32\DDRAW.dll
0x00007ffd247f0000 - 0x00007ffd247f9000 	C:\Windows\SYSTEM32\DCIMAN32.dll
0x0000000018550000 - 0x0000000018d2a000 	C:\Windows\SYSTEM32\ig75icd64.dll
0x00007ffd21fc0000 - 0x00007ffd22412000 	C:\Windows\SYSTEM32\igdusc64.dll
0x00007ffd11320000 - 0x00007ffd114a9000 	C:\Windows\SYSTEM32\dbghelp.dll

VM Arguments:
jvm_args: -Dnetbeans.importclass=org.netbeans.upgrade.AutoUpgrade -Dnetbeans.accept_license_class=org.netbeans.license.AcceptLicense -client -Xss2m -Xms32m -XX:PermSize=32m -Dapple.laf.useScreenMenuBar=true -Dapple.awt.graphics.UseQuartz=true -Dsun.java2d.noddraw=true -Dsun.java2d.dpiaware=true -Dsun.zip.disableMemoryMapping=true -Xmx1024m -Djdk.home=C:\Program Files\Java\jdk1.8.0_45 -Dnetbeans.home=C:\Program Files\NetBeans 8.0.1\platform -Dnetbeans.user=C:\Users\Sandra\AppData\Roaming\NetBeans\8.0.1 -Dnetbeans.default_userdir_root=C:\Users\Sandra\AppData\Roaming\NetBeans -XX:+HeapDumpOnOutOfMemoryError -XX:HeapDumpPath=C:\Users\Sandra\AppData\Roaming\NetBeans\8.0.1\var\log\heapdump.hprof -Dsun.awt.keepWorkingSetOnMinimize=true -Dnetbeans.dirs=C:\Program Files\NetBeans 8.0.1\nb;C:\Program Files\NetBeans 8.0.1\ergonomics;C:\Program Files\NetBeans 8.0.1\ide;C:\Program Files\NetBeans 8.0.1\extide;C:\Program Files\NetBeans 8.0.1\java;C:\Program Files\NetBeans 8.0.1\apisupport;C:\Program Files\NetBeans 8.0.1\webcommon;C:\Program Files\NetBeans 8.0.1\websvccommon;C:\Program Files\NetBeans 8.0.1\enterprise;C:\Program Files\NetBeans 8.0.1\mobility;C:\Program Files\NetBeans 8.0.1\profiler;C:\Program Files\NetBeans 8.0.1\python;C:\Program Files\NetBeans 8.0.1\php;C:\Program Files\NetBeans 8.0.1\identity;C:\Program Files\NetBeans 8.0.1\harness;C:\Program Files\NetBeans 8.0.1\cnd;C:\Program Files\NetBeans 8.0.1\dlight;C:\Program Files\NetBeans 8.0.1\groovy;C:\Program Files\NetBeans 8.0.1\extra;C:\Program Files\NetBeans 8.0.1\javacard;C:\Program Files\NetBeans 8.0.1\javafx exit 
java_command: <unknown>
java_class_path (initial): C:\Users\Sandra\AppData\Roaming\NetBeans\8.0.1\lib\org-openide-util-lookup.jar;C:\Users\Sandra\AppData\Roaming\NetBeans\8.0.1\lib\locale\org-openide-util-lookup_ja.jar;C:\Users\Sandra\AppData\Roaming\NetBeans\8.0.1\lib\locale\org-openide-util-lookup_pt_BR.jar;C:\Users\Sandra\AppData\Roaming\NetBeans\8.0.1\lib\locale\org-openide-util-lookup_ru.jar;C:\Users\Sandra\AppData\Roaming\NetBeans\8.0.1\lib\locale\org-openide-util-lookup_zh_CN.jar;C:\Program Files\NetBeans 8.0.1\platform\lib\boot.jar;C:\Program Files\NetBeans 8.0.1\platform\lib\org-openide-modules.jar;C:\Program Files\NetBeans 8.0.1\platform\lib\org-openide-util.jar;C:\Program Files\NetBeans 8.0.1\platform\lib\locale\boot_ja.jar;C:\Program Files\NetBeans 8.0.1\platform\lib\locale\boot_pt_BR.jar;C:\Program Files\NetBeans 8.0.1\platform\lib\locale\boot_ru.jar;C:\Program Files\NetBeans 8.0.1\platform\lib\locale\boot_zh_CN.jar;C:\Program Files\NetBeans 8.0.1\platform\lib\locale\org-openide-modules_ja.jar;C:\Program Files\NetBeans 8.0.1\platform\lib\locale\org-openide-modules_pt_BR.jar;C:\Program Files\NetBeans 8.0.1\platform\lib\locale\org-openide-modules_ru.jar;C:\Program Files\NetBeans 8.0.1\platform\lib\locale\org-openide-modules_zh_CN.jar;C:\Program Files\NetBeans 8.0.1\platform\lib\locale\org-openide-util_ja.jar;C:\Program Files\NetBeans 8.0.1\platform\lib\locale\org-openide-util_pt_BR.jar;C:\Program Files\NetBeans 8.0.1\platform\lib\locale\org-openide-util_ru.jar;C:\Program Files\NetBeans 8.0.1\platform\lib\locale\org-openide-util_zh_CN.jar;C:\Program Files\Java\jdk1.8.0_45\lib\dt.jar;C:\Program Files\Java\jdk1.8.0_45\lib\tools.jar
Launcher Type: generic

Environment Variables:
CLASSPATH=C:\Program Files\Apache Software Foundation\Apache Tomcat 8.0.9\lib
PATH=C:\ProgramData\Oracle\Java\javapath;C:\Program Files (x86)\NVIDIA Corporation\PhysX\Common;C:\Program Files (x86)\Intel\iCLS Client\;C:\Program Files\Intel\iCLS Client\;C:\Windows\system32;C:\Windows;C:\Windows\System32\Wbem;C:\Windows\System32\WindowsPowerShell\v1.0\;C:\Program Files\Intel\Intel(R) Management Engine Components\DAL;C:\Program Files\Intel\Intel(R) Management Engine Components\IPT;C:\Program Files (x86)\Intel\Intel(R) Management Engine Components\DAL;C:\Program Files (x86)\Intel\Intel(R) Management Engine Components\IPT;C:\Program Files (x86)\Skype\Phone\; C:\j2sdk14\bin;C:\Program Files\TortoiseSVN\bin;C:\j2sdk14\bin
USERNAME=Sandra
OS=Windows_NT
PROCESSOR_IDENTIFIER=Intel64 Family 6 Model 69 Stepping 1, GenuineIntel



---------------  S Y S T E M  ---------------

OS: Windows 8.1 , 64 bit Build 9600 (6.3.9600.17415)

CPU:total 4 (2 cores per cpu, 2 threads per core) family 6 model 69 stepping 1, cmov, cx8, fxsr, mmx, sse, sse2, sse3, ssse3, sse4.1, sse4.2, popcnt, avx, avx2, aes, clmul, erms, lzcnt, ht, tsc, tscinvbit, bmi1, bmi2

Memory: 4k page, physical 8269064k(5535672k free), swap 9579784k(6049612k free)

vm_info: Java HotSpot(TM) 64-Bit Server VM (25.45-b02) for windows-amd64 JRE (1.8.0_45-b15), built on Apr 30 2015 12:40:44 by "java_re" with MS VC++ 10.0 (VS2010)

time: Tue Dec 01 15:25:24 2015
elapsed time: 375 seconds (0d 0h 6m 15s)

